Transaction: Type=DEPOSIT, Account=testUserAccountNumber, Amount=6666, owner=testAccountOwner, Timestamp=1732355935440
Transaction: Type=DEPOSIT, Account=testUserAccountNumber, Amount=6666, owner=testAccountOwner, Timestamp=1732356041845
Transaction: Type=DEPOSIT, Account=testUserAccountNumber, Amount=6666, owner=testAccountOwner, Timestamp=1732356197334
Transaction: Type=DEPOSIT, Account=testUserAccountNumber, Amount=1000, owner=testAccountOwner, Timestamp=1732356302983
Transaction: Type=DEPOSIT, Account=testUserAccountNumber, Amount=1000, owner=testAccountOwner, Timestamp=1732356347203
Transaction: Type=DEPOSIT, Account=testUserAccountNumber, Amount=1000, owner=testAccountOwner, Timestamp=1732361283601
Transaction: Type=WITHDRAW, Account=testUserAccountNumber, Amount=1000, owner=testAccountOwner, Timestamp=1732361389906
Transaction: Type=WITHDRAW, Account=testUserAccountNumber, Amount=1000, owner=testAccountOwner, Timestamp=1732361427838
Transaction: Type=WITHDRAW, Account=testUserAccountNumber, Amount=1000, owner=testAccountOwner, Timestamp=1732361948798
Transaction: Type=DEPOSIT, Account=testUserAccountNumber, Amount=1000, owner=testAccountOwner, Timestamp=1732361949054
Transaction: Type=WITHDRAW, Account=testUserAccountNumber, Amount=1000, owner=testAccountOwner, Timestamp=1732375489837
Transaction: Type=DEPOSIT, Account=testUserAccountNumber, Amount=1000, owner=testAccountOwner, Timestamp=1732375490123
Transaction: Type=WITHDRAW, Account=testUserAccountNumber, Amount=1000, owner=testAccountOwner, Timestamp=1732442868255
Transaction: Type=DEPOSIT, Account=testUserAccountNumber, Amount=1000, owner=testAccountOwner, Timestamp=1732442868488
Transaction: Type=WITHDRAW, Account=testUserAccountNumber, Amount=1000, owner=testAccountOwner, Timestamp=1732443442623
Transaction: Type=DEPOSIT, Account=testUserAccountNumber, Amount=1000, owner=testAccountOwner, Timestamp=1732443442811
Transaction: Type=WITHDRAW, Account=fromTestUserAccountNumber, Amount=1000, owner=fromTestAccountOwner, Timestamp=1732444935418
Transaction: Type=DEPOSIT, Account=toTestUserAccountNumber, Amount=1000, owner=toTestAccountOwner, Timestamp=1732444936096
Transaction: Type=WITHDRAW, Account=testUserAccountNumber, Amount=1000, owner=testAccountOwner, Timestamp=1732446078240
Transaction: Type=DEPOSIT, Account=testUserAccountNumber, Amount=1000, owner=testAccountOwner, Timestamp=1732446078427
Transaction: Type=WITHDRAW, Account=fromTestUserAccountNumber, Amount=1000, owner=fromTestAccountOwner, Timestamp=1732446078460
Transaction: Type=DEPOSIT, Account=toTestUserAccountNumber, Amount=1000, owner=toTestAccountOwner, Timestamp=1732446078463
Transaction: Type=WITHDRAW, Account=fromTestUserAccountNumber, Amount=1000, owner=fromTestAccountOwner, Timestamp=1732446838753
Transaction: Type=WITHDRAW, Account=testUserAccountNumber, Amount=1000, owner=testAccountOwner, Timestamp=1732447456432
Transaction: Type=WITHDRAW, Account=fromTestUserAccountNumber, Amount=1000, owner=fromTestAccountOwner, Timestamp=1732447456534
Transaction: Type=DEPOSIT, Account=testUserAccountNumber, Amount=1000, owner=testAccountOwner, Timestamp=1732447456722
Transaction: Type=WITHDRAW, Account=fromTestUserAccountNumber, Amount=1000, owner=fromTestAccountOwner, Timestamp=1732447456754
Transaction: Type=DEPOSIT, Account=toTestUserAccountNumber, Amount=1000, owner=toTestAccountOwner, Timestamp=1732447456756
Transaction: Type=WITHDRAW, Account=testUserAccountNumber, Amount=1000, owner=testAccountOwner, Timestamp=1732448041756
Transaction: Type=WITHDRAW, Account=fromTestUserAccountNumber, Amount=1000, owner=fromTestAccountOwner, Timestamp=1732448041887
Transaction: Type=DEPOSIT, Account=testUserAccountNumber, Amount=1000, owner=testAccountOwner, Timestamp=1732448042080
Transaction: Type=WITHDRAW, Account=fromTestUserAccountNumber, Amount=1000, owner=fromTestAccountOwner, Timestamp=1732448042112
Transaction: Type=DEPOSIT, Account=toTestUserAccountNumber, Amount=1000, owner=toTestAccountOwner, Timestamp=1732448042114
Transaction: Type=WITHDRAW, Account=testUserAccountNumber, Amount=1000, owner=testAccountOwner, Timestamp=1732448071369
Transaction: Type=WITHDRAW, Account=fromTestUserAccountNumber, Amount=1000, owner=fromTestAccountOwner, Timestamp=1732448071500
Transaction: Type=DEPOSIT, Account=testUserAccountNumber, Amount=1000, owner=testAccountOwner, Timestamp=1732448071694
Transaction: Type=WITHDRAW, Account=fromTestUserAccountNumber, Amount=1000, owner=fromTestAccountOwner, Timestamp=1732448071731
Transaction: Type=DEPOSIT, Account=toTestUserAccountNumber, Amount=1000, owner=toTestAccountOwner, Timestamp=1732448071734
Transaction: Type=WITHDRAW, Account=testUserAccountNumber, Amount=1000, owner=testAccountOwner, Timestamp=1732448485190
Transaction: Type=WITHDRAW, Account=fromTestUserAccountNumber, Amount=1000, owner=fromTestAccountOwner, Timestamp=1732448485317
Transaction: Type=DEPOSIT, Account=testUserAccountNumber, Amount=1000, owner=testAccountOwner, Timestamp=1732448485547
Transaction: Type=WITHDRAW, Account=fromTestUserAccountNumber, Amount=1000, owner=fromTestAccountOwner, Timestamp=1732448485582
Transaction: Type=DEPOSIT, Account=toTestUserAccountNumber, Amount=1000, owner=toTestAccountOwner, Timestamp=1732448485585
Transaction: Type=WITHDRAW, Account=testUserAccountNumber, Amount=1000, owner=testAccountOwner, Timestamp=1732448598635
Transaction: Type=WITHDRAW, Account=fromTestUserAccountNumber, Amount=1000, owner=fromTestAccountOwner, Timestamp=1732448598767
Transaction: Type=DEPOSIT, Account=testUserAccountNumber, Amount=1000, owner=testAccountOwner, Timestamp=1732448598976
Transaction: Type=WITHDRAW, Account=fromTestUserAccountNumber, Amount=1000, owner=fromTestAccountOwner, Timestamp=1732448599005
Transaction: Type=DEPOSIT, Account=toTestUserAccountNumber, Amount=1000, owner=toTestAccountOwner, Timestamp=1732448599008
Transaction: Type=WITHDRAW, Account=testUserAccountNumber, Amount=1000, owner=testAccountOwner, Timestamp=1732448624651
Transaction: Type=WITHDRAW, Account=fromTestUserAccountNumber, Amount=1000, owner=fromTestAccountOwner, Timestamp=1732448627045
Transaction: Type=WITHDRAW, Account=testUserAccountNumber, Amount=1000, owner=testAccountOwner, Timestamp=1732448923228
Transaction: Type=WITHDRAW, Account=fromTestUserAccountNumber, Amount=1000, owner=fromTestAccountOwner, Timestamp=1732448923358
Transaction: Type=DEPOSIT, Account=testUserAccountNumber, Amount=1000, owner=testAccountOwner, Timestamp=1732448923625
Transaction: Type=WITHDRAW, Account=fromTestUserAccountNumber, Amount=1000, owner=fromTestAccountOwner, Timestamp=1732448923671
Transaction: Type=DEPOSIT, Account=toTestUserAccountNumber, Amount=1000, owner=toTestAccountOwner, Timestamp=1732448923675
Transaction: Type=WITHDRAW, Account=testUserAccountNumber, Amount=1000, owner=testAccountOwner, Timestamp=1732449303136
Transaction: Type=WITHDRAW, Account=fromTestUserAccountNumber, Amount=1000, owner=fromTestAccountOwner, Timestamp=1732449303234
Transaction: Type=DEPOSIT, Account=testUserAccountNumber, Amount=1000, owner=testAccountOwner, Timestamp=1732449303423
Transaction: Type=WITHDRAW, Account=fromTestUserAccountNumber, Amount=1000, owner=fromTestAccountOwner, Timestamp=1732449303455
Transaction: Type=DEPOSIT, Account=toTestUserAccountNumber, Amount=1000, owner=toTestAccountOwner, Timestamp=1732449303458
Transaction: Type=WITHDRAW, Account=testUserAccountNumber, Amount=1000, owner=testAccountOwner, Timestamp=1732457206476
Transaction: Type=WITHDRAW, Account=fromTestUserAccountNumber, Amount=1000, owner=fromTestAccountOwner, Timestamp=1732457206606
Transaction: Type=DEPOSIT, Account=testUserAccountNumber, Amount=1000, owner=testAccountOwner, Timestamp=1732457206791
Transaction: Type=WITHDRAW, Account=fromTestUserAccountNumber, Amount=1000, owner=fromTestAccountOwner, Timestamp=1732457206822
Transaction: Type=DEPOSIT, Account=toTestUserAccountNumber, Amount=1000, owner=toTestAccountOwner, Timestamp=1732457206824
Transaction: Type=WITHDRAW, Account=testUserAccountNumber, Amount=1000, owner=testAccountOwner, Timestamp=1732457226173
Transaction: Type=WITHDRAW, Account=fromTestUserAccountNumber, Amount=1000, owner=fromTestAccountOwner, Timestamp=1732457226291
Transaction: Type=DEPOSIT, Account=testUserAccountNumber, Amount=1000, owner=testAccountOwner, Timestamp=1732457226499
Transaction: Type=WITHDRAW, Account=fromTestUserAccountNumber, Amount=1000, owner=fromTestAccountOwner, Timestamp=1732457226535
Transaction: Type=DEPOSIT, Account=toTestUserAccountNumber, Amount=1000, owner=toTestAccountOwner, Timestamp=1732457226538
Transaction: Type=WITHDRAW, Account=testUserAccountNumber, Amount=1000, owner=testAccountOwner, Timestamp=1732457264665
Transaction: Type=WITHDRAW, Account=fromTestUserAccountNumber, Amount=1000, owner=fromTestAccountOwner, Timestamp=1732457264788
Transaction: Type=DEPOSIT, Account=testUserAccountNumber, Amount=1000, owner=testAccountOwner, Timestamp=1732457264988
Transaction: Type=WITHDRAW, Account=fromTestUserAccountNumber, Amount=1000, owner=fromTestAccountOwner, Timestamp=1732457265018
Transaction: Type=DEPOSIT, Account=toTestUserAccountNumber, Amount=1000, owner=toTestAccountOwner, Timestamp=1732457265021
Transaction: Type=WITHDRAW, Account=testAccount1, Amount=500, owner=testOwner1, Timestamp=1732457464495
Transaction: Type=DEPOSIT, Account=testAccount2, Amount=500, owner=testOwner2, Timestamp=1732457464503
Transaction: Type=DEPOSIT, Account=testAccount1, Amount=500, owner=testOwner1, Timestamp=1732457556348
Transaction: Type=WITHDRAW, Account=testAccount2, Amount=500, owner=testOwner2, Timestamp=1732457593779
Transaction: Type=WITHDRAW, Account=testUserAccountNumber, Amount=1000, owner=testAccountOwner, Timestamp=1732457682876
Transaction: Type=WITHDRAW, Account=fromTestUserAccountNumber, Amount=1000, owner=fromTestAccountOwner, Timestamp=1732457682987
Transaction: Type=DEPOSIT, Account=testUserAccountNumber, Amount=1000, owner=testAccountOwner, Timestamp=1732457683185
Transaction: Type=WITHDRAW, Account=fromTestUserAccountNumber, Amount=1000, owner=fromTestAccountOwner, Timestamp=1732457683225
Transaction: Type=DEPOSIT, Account=toTestUserAccountNumber, Amount=1000, owner=toTestAccountOwner, Timestamp=1732457683228
Transaction: Type=DEPOSIT, Account=testAccount6, Amount=500, owner=testOwner6, Timestamp=1732457780496
Transaction: Type=WITHDRAW, Account=testAccount6, Amount=1000, owner=testOwner6, Timestamp=1732457798960
Transaction: Type=WITHDRAW, Account=testUserAccountNumber, Amount=1000, owner=testAccountOwner, Timestamp=1732458653761
Transaction: Type=WITHDRAW, Account=fromTestUserAccountNumber, Amount=1000, owner=fromTestAccountOwner, Timestamp=1732458653894
Transaction: Type=DEPOSIT, Account=testUserAccountNumber, Amount=1000, owner=testAccountOwner, Timestamp=1732458654095
Transaction: Type=WITHDRAW, Account=fromTestUserAccountNumber, Amount=1000, owner=fromTestAccountOwner, Timestamp=1732458654146
Transaction: Type=DEPOSIT, Account=toTestUserAccountNumber, Amount=1000, owner=toTestAccountOwner, Timestamp=1732458654150
